<?xml version="1.0" encoding="UTF-8"?>
<!-- Generated by org.testng.reporters.JUnitXMLReporter -->
<testsuite hostname="LAPTOP-LJILQEDE" ignored="0" name="Default test" tests="1" failures="0" timestamp="10 Nov 2019 12:46:53 GMT" time="23.605" errors="0">
  <testcase name="@BeforeMethod setUp" time="23.345" classname="com.selenium.MainTest">
    <failure type="org.openqa.selenium.SessionNotCreatedException" message="session not created
from disconnected: received Inspector.detached event
  (Session info: chrome=78.0.3904.87)
Build info: version: &amp;apos;3.141.59&amp;apos;, revision: &amp;apos;e82be7d358&amp;apos;, time: &amp;apos;2018-11-14T08:17:03&amp;apos;
System info: host: &amp;apos;LAPTOP-LJILQEDE&amp;apos;, ip: &amp;apos;192.168.43.197&amp;apos;, os.name: &amp;apos;Windows 10&amp;apos;, os.arch: &amp;apos;amd64&amp;apos;, os.version: &amp;apos;10.0&amp;apos;, java.version: &amp;apos;1.8.0_65&amp;apos;
Driver info: driver.version: ChromeDriver
remote stacktrace: Backtrace:
	Ordinal0 [0x0129A903+1550595]
	Ordinal0 [0x0121A701+1025793]
	Ordinal0 [0x0119C6E5+509669]
	Ordinal0 [0x01195229+479785]
	Ordinal0 [0x01194DFA+478714]
	Ordinal0 [0x01194878+477304]
	Ordinal0 [0x01193FEA+475114]
	Ordinal0 [0x01194105+475397]
	Ordinal0 [0x01193BB5+474037]
	Ordinal0 [0x0119B445+504901]
	Ordinal0 [0x01193B68+473960]
	Ordinal0 [0x0119451B+476443]
	Ordinal0 [0x01193FEA+475114]
	Ordinal0 [0x01194105+475397]
	Ordinal0 [0x01193BB5+474037]
	Ordinal0 [0x01199D8E+499086]
	Ordinal0 [0x01193B68+473960]
	Ordinal0 [0x0119451B+476443]
	Ordinal0 [0x01193FEA+475114]
	Ordinal0 [0x01194105+475397]
	Ordinal0 [0x01193BB5+474037]
	Ordinal0 [0x0119860D+493069]
	Ordinal0 [0x01193B68+473960]
	Ordinal0 [0x0119451B+476443]
	Ordinal0 [0x01193FEA+475114]
	Ordinal0 [0x01194105+475397]
	Ordinal0 [0x01193BB5+474037]
	Ordinal0 [0x01197CC7+490695]
	Ordinal0 [0x01193B68+473960]
	Ordinal0 [0x0119451B+476443]
	Ordinal0 [0x01193FEA+475114]
	Ordinal0 [0x01194105+475397]
	Ordinal0 [0x01193BB5+474037]
	Ordinal0 [0x011907AC+460716]
	Ordinal0 [0x01193B68+473960]
	Ordinal0 [0x01193A44+473668]
	Ordinal0 [0x0119D330+512816]
	Ordinal0 [0x0114B649+177737]
	Ordinal0 [0x0114A8ED+174317]
	Ordinal0 [0x01148CDB+167131]
	Ordinal0 [0x0113144A+70730]
	Ordinal0 [0x011324D0+74960]
	Ordinal0 [0x01132469+74857]
	Ordinal0 [0x012342C7+1131207]
	GetHandleVerifier [0x013370FD+523789]
	GetHandleVerifier [0x01336E90+523168]
	GetHandleVerifier [0x0133E1E7+552695]
	GetHandleVerifier [0x013378FA+525834]
	Ordinal0 [0x0122B7FC+1095676]
	Ordinal0 [0x0123633B+1139515]
	Ordinal0 [0x012364A3+1139875]
	Ordinal0 [0x01235425+1135653]
	BaseThreadInitThunk [0x755C0419+25]
	RtlGetAppContainerNamedObjectPath [0x7762662D+237]
	RtlGetAppContainerNamedObjectPath [0x776265FD+189]
">
      <![CDATA[org.openqa.selenium.SessionNotCreatedException: session not created
from disconnected: received Inspector.detached event
  (Session info: chrome=78.0.3904.87)
Build info: version: '3.141.59', revision: 'e82be7d358', time: '2018-11-14T08:17:03'
System info: host: 'LAPTOP-LJILQEDE', ip: '192.168.43.197', os.name: 'Windows 10', os.arch: 'amd64', os.version: '10.0', java.version: '1.8.0_65'
Driver info: driver.version: ChromeDriver
remote stacktrace: Backtrace:
Ordinal0 [0x0129A903+1550595]
Ordinal0 [0x0121A701+1025793]
Ordinal0 [0x0119C6E5+509669]
Ordinal0 [0x01195229+479785]
Ordinal0 [0x01194DFA+478714]
Ordinal0 [0x01194878+477304]
Ordinal0 [0x01193FEA+475114]
Ordinal0 [0x01194105+475397]
Ordinal0 [0x01193BB5+474037]
Ordinal0 [0x0119B445+504901]
Ordinal0 [0x01193B68+473960]
Ordinal0 [0x0119451B+476443]
Ordinal0 [0x01193FEA+475114]
Ordinal0 [0x01194105+475397]
Ordinal0 [0x01193BB5+474037]
Ordinal0 [0x01199D8E+499086]
Ordinal0 [0x01193B68+473960]
Ordinal0 [0x0119451B+476443]
Ordinal0 [0x01193FEA+475114]
Ordinal0 [0x01194105+475397]
Ordinal0 [0x01193BB5+474037]
Ordinal0 [0x0119860D+493069]
Ordinal0 [0x01193B68+473960]
Ordinal0 [0x0119451B+476443]
Ordinal0 [0x01193FEA+475114]
Ordinal0 [0x01194105+475397]
Ordinal0 [0x01193BB5+474037]
Ordinal0 [0x01197CC7+490695]
Ordinal0 [0x01193B68+473960]
Ordinal0 [0x0119451B+476443]
Ordinal0 [0x01193FEA+475114]
Ordinal0 [0x01194105+475397]
Ordinal0 [0x01193BB5+474037]
Ordinal0 [0x011907AC+460716]
Ordinal0 [0x01193B68+473960]
Ordinal0 [0x01193A44+473668]
Ordinal0 [0x0119D330+512816]
Ordinal0 [0x0114B649+177737]
Ordinal0 [0x0114A8ED+174317]
Ordinal0 [0x01148CDB+167131]
Ordinal0 [0x0113144A+70730]
Ordinal0 [0x011324D0+74960]
Ordinal0 [0x01132469+74857]
Ordinal0 [0x012342C7+1131207]
GetHandleVerifier [0x013370FD+523789]
GetHandleVerifier [0x01336E90+523168]
GetHandleVerifier [0x0133E1E7+552695]
GetHandleVerifier [0x013378FA+525834]
Ordinal0 [0x0122B7FC+1095676]
Ordinal0 [0x0123633B+1139515]
Ordinal0 [0x012364A3+1139875]
Ordinal0 [0x01235425+1135653]
BaseThreadInitThunk [0x755C0419+25]
RtlGetAppContainerNamedObjectPath [0x7762662D+237]
RtlGetAppContainerNamedObjectPath [0x776265FD+189]

at sun.reflect.NativeConstructorAccessorImpl.newInstance0(Native Method)
at sun.reflect.NativeConstructorAccessorImpl.newInstance(Unknown Source)
at sun.reflect.DelegatingConstructorAccessorImpl.newInstance(Unknown Source)
at java.lang.reflect.Constructor.newInstance(Unknown Source)
at org.openqa.selenium.remote.W3CHandshakeResponse.lambda$errorHandler$0(W3CHandshakeResponse.java:62)
at org.openqa.selenium.remote.HandshakeResponse.lambda$getResponseFunction$0(HandshakeResponse.java:30)
at org.openqa.selenium.remote.ProtocolHandshake.lambda$createSession$0(ProtocolHandshake.java:126)
at java.util.stream.ReferencePipeline$3$1.accept(Unknown Source)
at java.util.Spliterators$ArraySpliterator.tryAdvance(Unknown Source)
at java.util.stream.ReferencePipeline.forEachWithCancel(Unknown Source)
at java.util.stream.AbstractPipeline.copyIntoWithCancel(Unknown Source)
at java.util.stream.AbstractPipeline.copyInto(Unknown Source)
at java.util.stream.AbstractPipeline.wrapAndCopyInto(Unknown Source)
at java.util.stream.FindOps$FindOp.evaluateSequential(Unknown Source)
at java.util.stream.AbstractPipeline.evaluate(Unknown Source)
at java.util.stream.ReferencePipeline.findFirst(Unknown Source)
at org.openqa.selenium.remote.ProtocolHandshake.createSession(ProtocolHandshake.java:128)
at org.openqa.selenium.remote.ProtocolHandshake.createSession(ProtocolHandshake.java:74)
at org.openqa.selenium.remote.HttpCommandExecutor.execute(HttpCommandExecutor.java:136)
at org.openqa.selenium.remote.service.DriverCommandExecutor.execute(DriverCommandExecutor.java:83)
at org.openqa.selenium.remote.RemoteWebDriver.execute(RemoteWebDriver.java:552)
at org.openqa.selenium.remote.RemoteWebDriver.startSession(RemoteWebDriver.java:213)
at org.openqa.selenium.remote.RemoteWebDriver.<init>(RemoteWebDriver.java:131)
at org.openqa.selenium.chrome.ChromeDriver.<init>(ChromeDriver.java:181)
at org.openqa.selenium.chrome.ChromeDriver.<init>(ChromeDriver.java:168)
at org.openqa.selenium.chrome.ChromeDriver.<init>(ChromeDriver.java:123)
at com.selenium.MainTest.setUp(MainTest.java:17)
at sun.reflect.NativeMethodAccessorImpl.invoke0(Native Method)
at sun.reflect.NativeMethodAccessorImpl.invoke(Unknown Source)
at sun.reflect.DelegatingMethodAccessorImpl.invoke(Unknown Source)
at java.lang.reflect.Method.invoke(Unknown Source)
at org.testng.internal.MethodInvocationHelper.invokeMethod(MethodInvocationHelper.java:124)
at org.testng.internal.MethodInvocationHelper.invokeMethodConsideringTimeout(MethodInvocationHelper.java:59)
at org.testng.internal.Invoker.invokeConfigurationMethod(Invoker.java:458)
at org.testng.internal.Invoker.invokeConfigurations(Invoker.java:222)
at org.testng.internal.Invoker.invokeMethod(Invoker.java:523)
at org.testng.internal.Invoker.invokeTestMethod(Invoker.java:719)
at org.testng.internal.Invoker.invokeTestMethods(Invoker.java:989)
at org.testng.internal.TestMethodWorker.invokeTestMethods(TestMethodWorker.java:125)
at org.testng.internal.TestMethodWorker.run(TestMethodWorker.java:109)
at org.testng.TestRunner.privateRun(TestRunner.java:648)
at org.testng.TestRunner.run(TestRunner.java:505)
at org.testng.SuiteRunner.runTest(SuiteRunner.java:455)
at org.testng.SuiteRunner.runSequentially(SuiteRunner.java:450)
at org.testng.SuiteRunner.privateRun(SuiteRunner.java:415)
at org.testng.SuiteRunner.run(SuiteRunner.java:364)
at org.testng.SuiteRunnerWorker.runSuite(SuiteRunnerWorker.java:52)
at org.testng.SuiteRunnerWorker.run(SuiteRunnerWorker.java:84)
at org.testng.TestNG.runSuitesSequentially(TestNG.java:1208)
at org.testng.TestNG.runSuitesLocally(TestNG.java:1137)
at org.testng.TestNG.runSuites(TestNG.java:1049)
at org.testng.TestNG.run(TestNG.java:1017)
at org.testng.remote.AbstractRemoteTestNG.run(AbstractRemoteTestNG.java:115)
at org.testng.remote.RemoteTestNG.initAndRun(RemoteTestNG.java:251)
at org.testng.remote.RemoteTestNG.main(RemoteTestNG.java:77)
]]>
    </failure>
  </testcase> <!-- @BeforeMethod setUp -->
  <testcase name="@AfterMethod teadDown" time="0.0" classname="com.selenium.MainTest">
    <skipped/>
  </testcase> <!-- @AfterMethod teadDown -->
  <testcase name="TestRun" time="0.0" classname="com.selenium.MainTest">
    <skipped/>
  </testcase> <!-- TestRun -->
</testsuite> <!-- Default test -->
